[    0.000000] Initializing cgroup subsys cpuset
[    0.000000] Initializing cgroup subsys cpu
[    0.000000] Initializing cgroup subsys cpuacct
[    0.000000] Linux version 4.4.0-92-generic (buildd@lcy01-17) (gcc version 5.4.0 20160609 (Ubuntu 5.4.0-6ubuntu1~16.04.4) ) #115-Ubuntu SMP Thu Aug 10 09:04:33 UTC 2017 (Ubuntu 4.4.0-92.115-generic 4.4.76)
[    0.000000] Command line: BOOT_IMAGE=/boot/vmlinuz-4.4.0-92-generic root=LABEL=cloudimg-rootfs ro console=tty1 console=ttyS0
[    0.000000] KERNEL supported cpus:
[    0.000000]   Intel GenuineIntel
[    0.000000]   AMD AuthenticAMD
[    0.000000]   Centaur CentaurHauls
[    0.000000] x86/fpu: xstate_offset[2]:  576, xstate_sizes[2]:  256
[    0.000000] x86/fpu: Supporting XSAVE feature 0x01: 'x87 floating point registers'
[    0.000000] x86/fpu: Supporting XSAVE feature 0x02: 'SSE registers'
[    0.000000] x86/fpu: Supporting XSAVE feature 0x04: 'AVX registers'
[    0.000000] x86/fpu: Enabled xstate features 0x7, context size is 832 bytes, using 'standard' format.
[    0.000000] x86/fpu: Using 'lazy' FPU context switches.
[    0.000000] e820: BIOS-provided physical RAM map:
[    0.000000] BIOS-e820: [mem 0x0000000000000000-0x000000000009fbff] usable
[    0.000000] BIOS-e820: [mem 0x000000000009fc00-0x000000000009ffff] reserved
[    0.000000] BIOS-e820: [mem 0x00000000000f0000-0x00000000000fffff] reserved
[    0.000000] BIOS-e820: [mem 0x0000000000100000-0x000000003ffeffff] usable
[    0.000000] BIOS-e820: [mem 0x000000003fff0000-0x000000003fffffff] ACPI data
[    0.000000] BIOS-e820: [mem 0x00000000fec00000-0x00000000fec00fff] reserved
[    0.000000] BIOS-e820: [mem 0x00000000fee00000-0x00000000fee00fff] reserved
[    0.000000] BIOS-e820: [mem 0x00000000fffc0000-0x00000000ffffffff] reserved
[    0.000000] NX (Execute Disable) protection: active
[    0.000000] SMBIOS 2.5 present.
[    0.000000] Hypervisor detected: KVM
[    0.000000] e820: last_pfn = 0x3fff0 max_arch_pfn = 0x400000000
[    0.000000] MTRR: Disabled
[    0.000000] x86/PAT: MTRRs disabled, skipping PAT initialization too.
[    0.000000] x86/PAT: Configuration [0-7]: WB  WT  UC- UC  WB  WT  UC- UC  
[    0.000000] CPU MTRRs all blank - virtualized system.
[    0.000000] found SMP MP-table at [mem 0x0009fff0-0x0009ffff] mapped at [ffff88000009fff0]
[    0.000000] Scanning 1 areas for low memory corruption
[    0.000000] RAMDISK: [mem 0x36ac8000-0x3755bfff]
[    0.000000] ACPI: Early table checksum verification disabled
[    0.000000] ACPI: RSDP 0x00000000000E0000 000024 (v02 VBOX  )
[    0.000000] ACPI: XSDT 0x000000003FFF0030 00003C (v01 VBOX   VBOXXSDT 00000001 ASL  00000061)
[    0.000000] ACPI: FACP 0x000000003FFF00F0 0000F4 (v04 VBOX   VBOXFACP 00000001 ASL  00000061)
[    0.000000] ACPI: DSDT 0x000000003FFF0470 0021C8 (v02 VBOX   VBOXBIOS 00000002 INTL 20100528)
[    0.000000] ACPI: FACS 0x000000003FFF0200 000040
[    0.000000] ACPI: FACS 0x000000003FFF0200 000040
[    0.000000] ACPI: APIC 0x000000003FFF0240 00005C (v02 VBOX   VBOXAPIC 00000001 ASL  00000061)
[    0.000000] ACPI: SSDT 0x000000003FFF02A0 0001CC (v01 VBOX   VBOXCPUT 00000002 INTL 20100528)
[    0.000000] No NUMA configuration found
[    0.000000] Faking a node at [mem 0x0000000000000000-0x000000003ffeffff]
[    0.000000] NODE_DATA(0) allocated [mem 0x3ffeb000-0x3ffeffff]
[    0.000000] kvm-clock: Using msrs 4b564d01 and 4b564d00
[    0.000000] kvm-clock: cpu 0, msr 0:3ffe3001, primary cpu clock
[    0.000000] kvm-clock: using sched offset of 4089631507 cycles
[    0.000000] clocksource: kvm-clock: mask: 0xffffffffffffffff max_cycles: 0x1cd42e4dffb, max_idle_ns: 881590591483 ns
[    0.000000] Zone ranges:
[    0.000000]   DMA      [mem 0x0000000000001000-0x0000000000ffffff]
[    0.000000]   DMA32    [mem 0x0000000001000000-0x000000003ffeffff]
[    0.000000]   Normal   empty
[    0.000000]   Device   empty
[    0.000000] Movable zone start for each node
[    0.000000] Early memory node ranges
[    0.000000]   node   0: [mem 0x0000000000001000-0x000000000009efff]
[    0.000000]   node   0: [mem 0x0000000000100000-0x000000003ffeffff]
[    0.000000] Initmem setup node 0 [mem 0x0000000000001000-0x000000003ffeffff]
[    0.000000] ACPI: PM-Timer IO Port: 0x4008
[    0.000000] IOAPIC[0]: apic_id 2, version 32, address 0xfec00000, GSI 0-23
[    0.000000] ACPI: INT_SRC_OVR (bus 0 bus_irq 0 global_irq 2 dfl dfl)
[    0.000000] ACPI: INT_SRC_OVR (bus 0 bus_irq 9 global_irq 9 high level)
[    0.000000] Using ACPI (MADT) for SMP configuration information
[    0.000000] smpboot: Allowing 2 CPUs, 0 hotplug CPUs
[    0.000000] PM: Registered nosave memory: [mem 0x00000000-0x00000fff]
[    0.000000] PM: Registered nosave memory: [mem 0x0009f000-0x0009ffff]
[    0.000000] PM: Registered nosave memory: [mem 0x000a0000-0x000effff]
[    0.000000] PM: Registered nosave memory: [mem 0x000f0000-0x000fffff]
[    0.000000] e820: [mem 0x40000000-0xfebfffff] available for PCI devices
[    0.000000] Booting paravirtualized kernel on KVM
[    0.000000] clocksource: refined-jiffies: mask: 0xffffffff max_cycles: 0xffffffff, max_idle_ns: 7645519600211568 ns
[    0.000000] setup_percpu: NR_CPUS:512 nr_cpumask_bits:512 nr_cpu_ids:2 nr_node_ids:1
[    0.000000] PERCPU: Embedded 33 pages/cpu @ffff88003fc00000 s98264 r8192 d28712 u1048576
[    0.000000] PV qspinlock hash table entries: 256 (order: 0, 4096 bytes)
[    0.000000] Built 1 zonelists in Node order, mobility grouping on.  Total pages: 257913
[    0.000000] Policy zone: DMA32
[    0.000000] Kernel command line: BOOT_IMAGE=/boot/vmlinuz-4.4.0-92-generic root=LABEL=cloudimg-rootfs ro console=tty1 console=ttyS0
[    0.000000] PID hash table entries: 4096 (order: 3, 32768 bytes)
[    0.000000] Memory: 1001744K/1048120K available (8474K kernel code, 1294K rwdata, 3984K rodata, 1488K init, 1316K bss, 46376K reserved, 0K cma-reserved)
[    0.000000] SLUB: HWalign=64, Order=0-3, MinObjects=0, CPUs=2, Nodes=1
[    0.000000] Hierarchical RCU implementation.
[    0.000000] 	Build-time adjustment of leaf fanout to 64.
[    0.000000] 	RCU restricting CPUs from NR_CPUS=512 to nr_cpu_ids=2.
[    0.000000] RCU: Adjusting geometry for rcu_fanout_leaf=64, nr_cpu_ids=2
[    0.000000] NR_IRQS:33024 nr_irqs:440 16
[    0.000000] Console: colour VGA+ 80x25
[    0.000000] console [tty1] enabled
[    0.000000] console [ttyS0] enabled
[    0.000000] tsc: Detected 4008.008 MHz processor
[    0.868397] Calibrating delay loop (skipped) preset value.. 8016.01 BogoMIPS (lpj=16032032)
[    0.875627] pid_max: default: 32768 minimum: 301
[    0.880222] ACPI: Core revision 20150930
[    0.884251] ACPI: 2 ACPI AML tables successfully acquired and loaded
[    0.888614] Security Framework initialized
[    0.892264] Yama: becoming mindful.
[    0.894622] AppArmor: AppArmor initialized
[    0.896885] Dentry cache hash table entries: 131072 (order: 8, 1048576 bytes)
[    0.900706] Inode-cache hash table entries: 65536 (order: 7, 524288 bytes)
[    0.905397] Mount-cache hash table entries: 2048 (order: 2, 16384 bytes)
[    0.909640] Mountpoint-cache hash table entries: 2048 (order: 2, 16384 bytes)
[    0.915290] Initializing cgroup subsys io
[    0.919484] Initializing cgroup subsys memory
[    0.922570] Initializing cgroup subsys devices
[    0.925281] Initializing cgroup subsys freezer
[    0.927606] Initializing cgroup subsys net_cls
[    0.930057] Initializing cgroup subsys perf_event
[    0.932644] Initializing cgroup subsys net_prio
[    0.935002] Initializing cgroup subsys hugetlb
[    0.937447] Initializing cgroup subsys pids
[    0.941113] CPU: Physical Processor ID: 0
[    0.943654] CPU: Processor Core ID: 0
[    0.947631] mce: CPU supports 0 MCE banks
[    0.950038] Last level iTLB entries: 4KB 64, 2MB 8, 4MB 8
[    0.952872] Last level dTLB entries: 4KB 64, 2MB 0, 4MB 0, 1GB 4
[    0.960047] Freeing SMP alternatives memory: 32K (ffffffff820b9000 - ffffffff820c1000)
[    0.982052] ftrace: allocating 32131 entries in 126 pages
[    1.054936] smpboot: APIC(0) Converting physical 0 to logical package 0
[    1.072829] smpboot: Max logical packages: 1
[    1.074939] x2apic enabled
[    1.076466] Switched APIC routing to physical x2apic.
[    1.079866] ..TIMER: vector=0x30 apic1=0 pin1=2 apic2=-1 pin2=-1
[    1.189088] smpboot: CPU0: Intel(R) Core(TM) i7-6700K CPU @ 4.00GHz (family: 0x6, model: 0x5e, stepping: 0x3)
[    1.195233] Performance Events: unsupported p6 CPU model 94 no PMU driver, software events only.
[    1.201914] KVM setup paravirtual spinlock
[    1.206101] x86: Booting SMP configuration:
[    1.208281] .... node  #0, CPUs:      #1
[    1.211722] kvm-clock: cpu 1, msr 0:3ffe3041, secondary cpu clock
[    1.216066] mce: CPU supports 0 MCE banks
[    1.221063] x86: Booted up 1 node, 2 CPUs
[    1.223816] smpboot: Total of 2 processors activated (16032.03 BogoMIPS)
[    1.231019] devtmpfs: initialized
[    1.236485] evm: security.selinux
[    1.238192] evm: security.SMACK64
[    1.239802] evm: security.SMACK64EXEC
[    1.241527] evm: security.SMACK64TRANSMUTE
[    1.243248] evm: security.SMACK64MMAP
[    1.245020] evm: security.ima
[    1.246458] evm: security.capability
[    1.249643] clocksource: jiffies: mask: 0xffffffff max_cycles: 0xffffffff, max_idle_ns: 7645041785100000 ns
[    1.255547] futex hash table entries: 512 (order: 3, 32768 bytes)
[    1.257992] pinctrl core: initialized pinctrl subsystem
[    1.260070] RTC time:  7:04:54, date: 08/29/17
[    1.262838] NET: Registered protocol family 16
[    1.277472] cpuidle: using governor ladder
[    1.289538] cpuidle: using governor menu
[    1.291133] PCCT header not found.
[    1.292575] ACPI: bus type PCI registered
[    1.294215] acpiphp: ACPI Hot Plug PCI Controller Driver version: 0.5
[    1.296783] PCI: Using configuration type 1 for base access
[    1.310896] ACPI: Added _OSI(Module Device)
[    1.317119] ACPI: Added _OSI(Processor Device)
[    1.337523] ACPI: Added _OSI(3.0 _SCP Extensions)
[    1.366049] ACPI: Added _OSI(Processor Aggregator Device)
[    1.379463] ACPI: Executed 1 blocks of module-level executable AML code
[    1.383769] ACPI: Interpreter enabled
[    1.385295] ACPI: (supports S0 S5)
[    1.386718] ACPI: Using IOAPIC for interrupt routing
[    1.388719] PCI: Using host bridge windows from ACPI; if necessary, use "pci=nocrs" and report a bug
[    1.396661] ACPI: PCI Root Bridge [PCI0] (domain 0000 [bus 00-ff])
[    1.399133] acpi PNP0A03:00: _OSC: OS supports [ASPM ClockPM Segments MSI]
[    1.401835] acpi PNP0A03:00: _OSC failed (AE_NOT_FOUND); disabling ASPM
[    1.404458] acpi PNP0A03:00: fail to add MMCONFIG information, can't access extended PCI configuration space under this bridge.
[    1.409531] PCI host bridge to bus 0000:00
[    1.411336] pci_bus 0000:00: root bus resource [io  0x0000-0x0cf7 window]
[    1.417935] pci_bus 0000:00: root bus resource [io  0x0d00-0xffff window]
[    1.420644] pci_bus 0000:00: root bus resource [mem 0x000a0000-0x000bffff window]
[    1.451199] pci_bus 0000:00: root bus resource [mem 0x40000000-0xffdfffff window]
[    1.462497] pci_bus 0000:00: root bus resource [bus 00-ff]
[    1.475539] pci 0000:00:01.1: legacy IDE quirk: reg 0x10: [io  0x01f0-0x01f7]
[    1.481793] pci 0000:00:01.1: legacy IDE quirk: reg 0x14: [io  0x03f6]
[    1.486556] pci 0000:00:01.1: legacy IDE quirk: reg 0x18: [io  0x0170-0x0177]
[    1.491573] pci 0000:00:01.1: legacy IDE quirk: reg 0x1c: [io  0x0376]
[    1.511562] pci 0000:00:07.0: quirk: [io  0x4000-0x403f] claimed by PIIX4 ACPI
[    1.535147] pci 0000:00:07.0: quirk: [io  0x4100-0x410f] claimed by PIIX4 SMB
[    1.548140] ACPI: PCI Interrupt Link [LNKA] (IRQs 5 9 10 *11)
[    1.587652] ACPI: PCI Interrupt Link [LNKB] (IRQs 5 9 10 *11)
[    1.595307] ACPI: PCI Interrupt Link [LNKC] (IRQs 5 9 *10 11)
[    1.599722] ACPI: PCI Interrupt Link [LNKD] (IRQs 5 *9 10 11)
[    1.604271] ACPI: Enabled 2 GPEs in block 00 to 07
[    1.627538] vgaarb: setting as boot device: PCI:0000:00:02.0
[    1.649935] vgaarb: device added: PCI:0000:00:02.0,decodes=io+mem,owns=io+mem,locks=none
[    1.653092] vgaarb: loaded
[    1.659367] vgaarb: bridge control possible 0000:00:02.0
[    1.687605] SCSI subsystem initialized
[    1.689373] ACPI: bus type USB registered
[    1.696945] usbcore: registered new interface driver usbfs
[    1.700283] usbcore: registered new interface driver hub
[    1.718152] usbcore: registered new device driver usb
[    1.733877] PCI: Using ACPI for IRQ routing
[    1.739520] NetLabel: Initializing
[    1.740944] NetLabel:  domain hash size = 128
[    1.742701] NetLabel:  protocols = UNLABELED CIPSOv4
[    1.744586] NetLabel:  unlabeled traffic allowed by default
[    1.770220] amd_nb: Cannot enumerate AMD northbridges
[    1.778357] clocksource: Switched to clocksource kvm-clock
[    1.786513] AppArmor: AppArmor Filesystem Enabled
[    1.827887] pnp: PnP ACPI init
[    1.861713] pnp: PnP ACPI: found 3 devices
[    1.889022] clocksource: acpi_pm: mask: 0xffffff max_cycles: 0xffffff, max_idle_ns: 2085701024 ns
[    1.905052] NET: Registered protocol family 2
[    1.907024] TCP established hash table entries: 8192 (order: 4, 65536 bytes)
[    1.909627] TCP bind hash table entries: 8192 (order: 5, 131072 bytes)
[    1.916391] TCP: Hash tables configured (established 8192 bind 8192)
[    1.954273] UDP hash table entries: 512 (order: 2, 16384 bytes)
[    2.024641] UDP-Lite hash table entries: 512 (order: 2, 16384 bytes)
[    2.029922] NET: Registered protocol family 1
[    2.052494] pci 0000:00:00.0: Limiting direct PCI/PCI transfers
[    2.109142] pci 0000:00:01.0: Activating ISA DMA hang workarounds
[    2.135660] Unpacking initramfs...
[    3.540168] Freeing initrd memory: 10832K (ffff880036ac8000 - ffff88003755c000)
[    3.545224] platform rtc_cmos: registered platform RTC device (no PNP device found)
[    3.554300] Scanning for low memory corruption every 60 seconds
[    3.557271] audit: initializing netlink subsys (disabled)
[    3.559478] audit: type=2000 audit(1503990300.607:1): initialized
[    3.562038] Initialise system trusted keyring
[    3.568081] HugeTLB registered 2 MB page size, pre-allocated 0 pages
[    3.592326] zbud: loaded
[    3.595152] VFS: Disk quotas dquot_6.6.0
[    3.599718] VFS: Dquot-cache hash table entries: 512 (order 0, 4096 bytes)
[    3.602338] squashfs: version 4.0 (2009/01/31) Phillip Lougher
[    3.606296] fuse init (API version 7.23)
[    3.611074] Key type big_key registered
[    3.612637] Allocating IMA MOK and blacklist keyrings.
[    3.630519] Key type asymmetric registered
[    3.635075] Asymmetric key parser 'x509' registered
[    3.637087] Block layer SCSI generic (bsg) driver version 0.4 loaded (major 249)
[    3.653358] io scheduler noop registered
[    3.654945] io scheduler deadline registered (default)
[    3.701203] io scheduler cfq registered
[    3.702849] pci_hotplug: PCI Hot Plug PCI Core version: 0.5
[    3.739639] pciehp: PCI Express Hot Plug Controller Driver version: 0.4
[    3.773593] ACPI: AC Adapter [AC] (on-line)
[    3.775354] input: Power Button as /devices/LNXSYSTM:00/LNXPWRBN:00/input/input0
[    3.781126] ACPI: Power Button [PWRF]
[    3.798171] input: Sleep Button as /devices/LNXSYSTM:00/LNXSLPBN:00/input/input1
[    3.806370] ACPI: Sleep Button [SLPF]
[    3.810174] GHES: HEST is not enabled!
[    3.811901] Serial: 8250/16550 driver, 32 ports, IRQ sharing enabled
[    3.843171] 00:02: ttyS0 at I/O 0x3f8 (irq = 4, base_baud = 115200) is a 16550A
[    3.891593] Linux agpgart interface v0.103
[    3.895134] loop: module loaded
[    3.897121] scsi host0: ata_piix
[    3.898736] scsi host1: ata_piix
[    3.942005] ata1: PATA max UDMA/33 cmd 0x1f0 ctl 0x3f6 bmdma 0xd000 irq 14
[    3.952640] ata2: PATA max UDMA/33 cmd 0x170 ctl 0x376 bmdma 0xd008 irq 15
[    3.955185] libphy: Fixed MDIO Bus: probed
[    3.958052] tun: Universal TUN/TAP device driver, 1.6
[    3.973581] tun: (C) 1999-2004 Max Krasnyansky <maxk@qualcomm.com>
[    4.006441] PPP generic driver version 2.4.2
[    4.038487] ehci_hcd: USB 2.0 'Enhanced' Host Controller (EHCI) Driver
[    4.099125] ehci-pci: EHCI PCI platform driver
[    4.127685] ehci-platform: EHCI generic platform driver
[    4.138477] ohci_hcd: USB 1.1 'Open' Host Controller (OHCI) Driver
[    4.187724] ohci-pci: OHCI PCI platform driver
[    4.189495] ohci-platform: OHCI generic platform driver
[    4.199787] uhci_hcd: USB Universal Host Controller Interface driver
[    4.202242] i8042: PNP: PS/2 Controller [PNP0303:PS2K,PNP0f03:PS2M] at 0x60,0x64 irq 1,12
[    4.206040] serio: i8042 KBD port at 0x60,0x64 irq 1
[    4.222129] serio: i8042 AUX port at 0x60,0x64 irq 12
[    4.249225] mousedev: PS/2 mouse device common for all mice
[    4.261691] rtc_cmos rtc_cmos: rtc core: registered rtc_cmos as rtc0
[    4.267534] input: AT Translated Set 2 keyboard as /devices/platform/i8042/serio0/input/input2
[    4.281373] rtc_cmos rtc_cmos: alarms up to one day, 114 bytes nvram
[    4.283730] i2c /dev entries driver
[    4.285201] device-mapper: uevent: version 1.0.3
[    4.299134] device-mapper: ioctl: 4.34.0-ioctl (2015-10-28) initialised: dm-devel@redhat.com
[    4.302377] ledtrig-cpu: registered to indicate activity on CPUs
[    4.305346] NET: Registered protocol family 10
[    4.313025] NET: Registered protocol family 17
[    4.315948] Key type dns_resolver registered
[    4.319607] microcode: CPU0 sig=0x506e3, pf=0x2, revision=0x0
[    4.321805] microcode: CPU1 sig=0x506e3, pf=0x2, revision=0x0
[    4.341267] microcode: Microcode Update Driver: v2.01 <tigran@aivazian.fsnet.co.uk>, Peter Oruba
[    4.354386] registered taskstats version 1
[    4.356243] Loading compiled-in X.509 certificates
[    4.358887] Loaded X.509 cert 'Build time autogenerated kernel key: 01a2b0d0dba8d37a863918580fc16590a7d146c8'
[    4.384765] zswap: loaded using pool lzo/zbud
[    4.388216] Key type trusted registered
[    4.394400] Key type encrypted registered
[    4.396475] AppArmor: AppArmor sha1 policy hashing enabled
[    4.404352] ima: No TPM chip found, activating TPM-bypass!
[    4.408297] evm: HMAC attrs: 0x1
[    4.410846]   Magic number: 13:445:67
[    4.412758] rtc_cmos rtc_cmos: setting system clock to 2017-08-29 07:04:57 UTC (1503990297)
[    4.422512] BIOS EDD facility v0.16 2004-Jun-25, 0 devices found
[    4.434631] EDD information not available.
[    4.438326] Freeing unused kernel memory: 1488K (ffffffff81f45000 - ffffffff820b9000)
[    4.442175] Write protecting the kernel read-only data: 14336k
[    4.445357] Freeing unused kernel memory: 1752K (ffff88000184a000 - ffff880001a00000)
[    4.453407] Freeing unused kernel memory: 112K (ffff880001de4000 - ffff880001e00000)
Loading, please wait...
starting version[    4.471022] random: systemd-udevd: uninitialized urandom read (16 bytes read, 3 bits of entropy available)
 229
[    4.471231] random: udevadm: uninitialized urandom read (16 bytes read, 3 bits of entropy available)
[    4.471253] random: udevadm: uninitialized urandom read (16 bytes read, 3 bits of entropy available)
[    4.471325] random: udevadm: uninitialized urandom read (16 bytes read, 3 bits of entropy available)
[    4.471352] random: udevadm: uninitialized urandom read (16 bytes read, 3 bits of entropy available)
[    4.471378] random: udevadm: uninitialized urandom read (16 bytes read, 3 bits of entropy available)
[    4.471402] random: udevadm: uninitialized urandom read (16 bytes read, 3 bits of entropy available)
[    4.471514] random: udevadm: uninitialized urandom read (16 bytes read, 3 bits of entropy available)
[    4.471541] random: udevadm: uninitialized urandom read (16 bytes read, 3 bits of entropy available)
[    4.471565] random: udevadm: uninitialized urandom read (16 bytes read, 3 bits of entropy available)
[    4.669068] tsc: Refined TSC clocksource calibration: 4008.069 MHz
[    4.671363] clocksource: tsc: mask: 0xffffffffffffffff max_cycles: 0x39c6234b4ee, max_idle_ns: 440795330041 ns
[    4.684669] e1000: Intel(R) PRO/1000 Network Driver - version 7.3.21-k8-NAPI
[    4.712813] e1000: Copyright (c) 1999-2006 Intel Corporation.
[    4.735948] Fusion MPT base driver 3.04.20
[    4.743545] Copyright (c) 1999-2008 LSI Corporation
[    4.769181] Fusion MPT SPI Host driver 3.04.20
[    4.789298] AVX version of gcm_enc/dec engaged.
[    4.806995] AES CTR mode by8 optimization enabled
[    5.028559] input: ImExPS/2 Generic Explorer Mouse as /devices/platform/i8042/serio1/input/input4
[    5.222104] e1000 0000:00:03.0 eth0: (PCI:33MHz:32-bit) 02:21:85:d0:49:10
[    5.258209] e1000 0000:00:03.0 eth0: Intel(R) PRO/1000 Network Connection
[    5.278444] mptbase: ioc0: Initiating bringup
[    5.350750] ioc0: LSI53C1030 A0: Capabilities={Initiator}
[    5.512597] scsi host2: ioc0: LSI53C1030 A0, FwRev=00000000h, Ports=1, MaxQ=256, IRQ=20
[    5.630752] scsi 2:0:0:0: Direct-Access     VBOX     HARDDISK         1.0  PQ: 0 ANSI: 5
[    5.660812] scsi target2:0:0: Beginning Domain Validation
[    5.665099] scsi target2:0:0: Domain Validation skipping write tests
[    5.695110] scsi target2:0:0: Ending Domain Validation
[    5.699557] scsi target2:0:0: asynchronous
[    5.704554] scsi 2:0:1:0: Direct-Access     VBOX     HARDDISK         1.0  PQ: 0 ANSI: 5
[    5.716643] scsi target2:0:1: Beginning Domain Validation
[    5.749534] scsi target2:0:1: Domain Validation skipping write tests
[    5.771098] scsi target2:0:1: Ending Domain Validation
[    5.798337] scsi target2:0:1: asynchronous
[    5.831033] sd 2:0:0:0: Attached scsi generic sg0 type 0
[    5.844886] sd 2:0:0:0: [sda] 20971520 512-byte logical blocks: (10.7 GB/10.0 GiB)
[    5.848557] sd 2:0:0:0: [sda] Write Protect is off
[    5.851894] sd 2:0:0:0: [sda] Incomplete mode parameter data
[    5.862785] sd 2:0:0:0: [sda] Assuming drive cache: write through
[    5.872630] sd 2:0:1:0: Attached scsi generic sg1 type 0
[    5.878172] sd 2:0:1:0: [sdb] 20480 512-byte logical blocks: (10.5 MB/10.0 MiB)
[    5.881643] sd 2:0:1:0: [sdb] Write Protect is off
[    5.883885] sd 2:0:1:0: [sdb] Incomplete mode parameter data
[    5.887155] sd 2:0:1:0: [sdb] Assuming drive cache: write through
[    5.910631]  sda: sda1
[    5.912236] sd 2:0:0:0: [sda] Attached SCSI disk
[    5.936080] sd 2:0:1:0: [sdb] Attached SCSI disk
[    6.094149] e1000 0000:00:08.0 eth1: (PCI:33MHz:32-bit) 08:00:27:f9:59:67
[    6.111494] e1000 0000:00:08.0 eth1: Intel(R) PRO/1000 Network Connection
[    6.120053] e1000 0000:00:08.0 enp0s8: renamed from eth1
[    6.150603] e1000 0000:00:03.0 enp0s3: renamed from eth0
[    7.810666] floppy0: no floppy controllers found
Begin: Loading e[    9.221380] md: linear personality registered for level -1
ssential drivers ... [    9.231206] md: multipath personality registered for level -4
[    9.250826] md: raid0 personality registered for level 0
[    9.258795] md: raid1 personality registered for level 1
[    9.338473] raid6: sse2x1   gen() 11208 MB/s
[    9.410495] raid6: sse2x1   xor()  6929 MB/s
[    9.478475] raid6: sse2x2   gen() 13274 MB/s
[    9.558821] raid6: sse2x2   xor()  9067 MB/s
[    9.646512] raid6: sse2x4   gen() 14811 MB/s
[    9.734477] raid6: sse2x4   xor() 10166 MB/s
[    9.747962] raid6: using algorithm sse2x4 gen() 14811 MB/s
[    9.749953] raid6: .... xor() 10166 MB/s, rmw enabled
[    9.751929] raid6: using ssse3x2 recovery algorithm
[    9.755120] xor: automatically using best checksumming function:
[    9.798481]    avx       : 23505.000 MB/sec
[    9.817345] async_tx: api initialized (async)
[    9.832805] md: raid6 personality registered for level 6
[    9.839251] md: raid5 personality registered for level 5
[    9.841240] md: raid4 personality registered for level 4
[    9.847692] md: raid10 personality registered for level 10
done.
Begin: Running /scripts/init-premount ... done.
Begin: Mo[    9.883104] Btrfs loaded
unting root file system ... Begin: Running /scripts/local-top ... done.
Begin: Running /scripts/local-premount ... Scanning for Btrfs filesystems
done.
Warning: fsck not present, so skipping root file system
[    9.938721] EXT4-fs (sda1): mounted filesystem with ordered data mode. Opts: (null)
done.
Begin: Running /scripts/local-bottom ... done.
Begin: Running /scripts/init-bottom ... done.
[   10.633464] random: nonblocking pool is initialized
[   10.680509] systemd[1]: systemd 229 running in system mode. (+PAM +AUDIT +SELINUX +IMA +APPARMOR +SMACK +SYSVINIT +UTMP +LIBCRYPTSETUP +GCRYPT +GNUTLS +ACL +XZ -LZ4 +SECCOMP +BLKID +ELFUTILS +KMOD -IDN)
[   10.689672] systemd[1]: Detected virtualization oracle.
[   10.691943] systemd[1]: Detected architecture x86-64.

Welcome to [1mUbuntu 16.04.3 LTS[0m!

[   10.821852] systemd[1]: Set hostname to <ubuntu>.
[   10.859381] systemd[1]: Initializing machine ID from random generator.
[   10.861788] systemd[1]: Installed transient /etc/machine-id file.
[   12.034614] systemd[1]: Created slice System Slice.
[[0;32m  OK  [0m] Created slice System Slice.
[   12.039975] systemd[1]: Created slice system-serial\x2dgetty.slice.
[[0;32m  OK  [0m] Created slice system-serial\x2dgetty.slice.
[   12.046362] systemd[1]: Listening on udev Kernel Socket.
[[0;32m  OK  [0m] Listening on udev Kernel Socket.
[   12.058383] systemd[1]: Reached target User and Group Name Lookups.
[[0;32m  OK  [0m] Reached target User and Group Name Lookups.
[   12.064512] systemd[1]: Reached target Encrypted Volumes.
[[0;32m  OK  [0m] Reached target Encrypted Volumes.
[   12.106807] systemd[1]: Started Trigger resolvconf update for networkd DNS.
[[0;32m  OK  [0m] Started Trigger resolvconf update for networkd DNS.
[   12.170873] systemd[1]: Listening on udev Control Socket.
[[0;32m  OK  [0m] Listening on udev Control Socket.
[   12.185857] systemd[1]: Listening on LVM2 metadata daemon socket.
[[0;32m  OK  [0m] Listening on LVM2 metadata daemon socket.
[   12.191626] systemd[1]: Set up automount Arbitrary Executable File Formats File System Automount Point.
[[0;32m  OK  [0m] Set up automount Arbitrary Executab...ats File System Automount Point.
[   12.220373] systemd[1]: Listening on Journal Socket (/dev/log).
[[0;32m  OK  [0m] Listening on Journal Socket (/dev/log).
[   12.238865] systemd[1]: Listening on LVM2 poll daemon socket.
[[0;32m  OK  [0m] Listening on LVM2 poll daemon socket.
[   12.253812] systemd[1]: Started Forward Password Requests to Wall Directory Watch.
[[0;32m  OK  [0m] Started Forward Password Requests to Wall Directory Watch.
[   12.310075] systemd[1]: Created slice User and Session Slice.
[[0;32m  OK  [0m] Created slice User and Session Slice.
[   12.372214] systemd[1]: Reached target Slices.
[[0;32m  OK  [0m] Reached target Slices.
[   12.376953] systemd[1]: Reached target Swap.
[[0;32m  OK  [0m] Reached target Swap.
[   12.414954] systemd[1]: Listening on Journal Audit Socket.
[[0;32m  OK  [0m] Listening on Journal Audit Socket.
[   12.428656] systemd[1]: Listening on /dev/initctl Compatibility Named Pipe.
[[0;32m  OK  [0m] Listening on /dev/initctl Compatibility Named Pipe.
[   12.450959] systemd[1]: Listening on Device-mapper event daemon FIFOs.
[[0;32m  OK  [0m] Listening on Device-mapper event daemon FIFOs.
[   12.470770] systemd[1]: Listening on Syslog Socket.
[[0;32m  OK  [0m] Listening on Syslog Socket.
[   12.475873] systemd[1]: Listening on Journal Socket.
[[0;32m  OK  [0m] Listening on Journal Socket.
[   12.494618] systemd[1]: Starting Create list of required static device nodes for the current kernel...
         Starting Create list of required st... nodes for the current kernel...
[   12.544307] systemd[1]: Starting Monitoring of LVM2 mirrors, snapshots etc. using dmeventd or progress polling...
         Starting Monitoring of LVM2 mirrors... dmeventd or progress polling...
[   12.618591] systemd[1]: Mounting Huge Pages File System...
         Mounting Huge Pages File System...
[   12.623737] systemd[1]: Mounting Debug File System...
         Mounting Debug File System...
[   12.628540] systemd[1]: Starting Set console keymap...
         Starting Set console keymap...
[   12.633680] systemd[1]: Starting Nameserver information manager...
         Starting Nameserver information manager...
[   12.670694] systemd[1]: Starting Load Kernel Modules...
         Starting Load Kernel Modules...
[   12.684269] systemd[1]: Starting Uncomplicated firewall...
         Starting Uncomplicated firewall...
[   12.714622] systemd[1]: Starting Remount Root and Kernel File Systems...
         Starting Remount Root and Kernel File Systems...
[   12.724845] systemd[1]: Starting Journal Service...
         Starting Journal Service...
[   12.735344] systemd[1]: Mounting POSIX Message Queue File System...
         Mounting POSIX Message Queue File System...
[   12.767718] systemd[1]: Mounted Debug File System.
[[0;32m  OK  [0m] Mounted Debug File System.
[   12.785337] EXT4-fs (sda1): re-mounted. Opts: (null)
[   12.798324] systemd[1]: Mounted POSIX Message Queue File System.
[[0;32m  OK  [0m] Mounted POSIX Message Queue File System.[   12.844122] Loading iSCSI transport class v2.0-870.

[   12.890793] systemd[1]: Mounted Huge Pages File System.
[[0;32m  OK  [0m] Mounted Huge Pages File System.
[   12.899444] systemd[1]: Started Create list of required static device nodes for the current kernel.
[[0;32m  OK  [0m] Started Create list of required sta...ce nodes for the current kernel.
[   12.933999] systemd[1]: Started Set console keymap.
[[0;32m  OK  [0[   12.963973] iscsi: registered transport (tcp)
m] Started Set console keymap.
[   13.011124] systemd[1]: Started Uncomplicated firewall.
[[0;32m  OK  [0m] Started Uncomplicated firewall.
[   13.036225] systemd[1]: Started Remount Root and Kernel File Systems.
[[0;32m  OK  [0m] Started Remount Root and Kernel File Systems.
[   13.043319] systemd[1]: Started Nameserver information manager.
[[0;32m  OK  [0m] Started Nameserver information manager.
[   13.075665] systemd[1]: Started Journal Service.
[[0;32m  OK  [0m] Started Journal Service.
[[0;32m  OK  [[   13.148309] iscsi: registered transport (iser)
0m] Started LVM2 metadata daemon.
         Starting Flush Journal to Persistent Storage...
         Starting udev Coldplug all Devices...
         Starting Load/Save Random Seed...
         Starting Initial cloud-init job (pre-networking)...
         Starting Create Static Device Nodes in /dev...
[[0;32m  OK  [0m] Started Load Kernel Modules.
[   13.314278] systemd-journald[392]: Received request to flush runtime journal from PID 1
         Mounting FUSE Control File System...
         Starting Apply Kernel Variables...
[[0;32m  OK  [0m] Mounted FUSE Control File System.
[[0;32m  OK  [0m] Started Flush Journal to Persistent Storage.
[[0;32m  OK  [0m] Started Load/Save Random Seed.
[[0;32m  OK  [0m] Started udev Coldplug all Devices.
[[0;32m  OK  [0m] Started Apply Kernel Variables.
[[0;32m  OK  [0m] Started Monitoring of LVM2 mirrors,...ng dmeventd or progress polling.
[[0;32m  OK  [0m] Started Create Static Device Nodes in /dev.
         Starting udev Kernel Device Manager...
[[0;32m  OK  [0m] Started udev Kernel Device Manager.
[[0;32m  OK  [0m] Reached target Local File Systems (Pre).
[[0;32m  OK  [0m] Reached target Local File Systems.
         Starting Commit a transient machine-id on disk...
         Starting LSB: AppArmor initialization...
         Starting Create Volatile Files and Directories...
         Starting Set console font and keymap...
         Starting Tell Plymouth To Write Out Runtime Data...
[[0;32m  OK  [0m] Started Dispatch Password Requests to Console Directory Watch.
[[0;32m  OK  [0m] Started Commit a transient machine-id on disk.
[[0;32m  OK  [0m] Found device /dev/ttyS0.
[[0;32m  OK  [0m] Started Tell Plymouth To Write Out Runtime Data.
[[0;32m  OK  [0m] Started Create Volatile Files and Directories.
[[0;32m  OK  [0m] Reached target System Time Synchronized.
         Starting Update UTMP about System Boot/Shutdown...
[[0;32m  OK  [0m] Started Update UTMP about System Boot/Shutdown.
[[0;32m  OK  [0m] Listening on Load/Save RF Kill Switch Status /dev/rfkill Watch.
[[0;32m  OK  [0m] Started Set console font and keymap.
[[0;32m  OK  [0m] Started LSB: AppArmor initialization.
[[0;32m  OK  [0m] Created slice system-getty.slice.
[   16.046901] cloud-init[434]: Cloud-init v. 0.7.9 running 'init-local' at Tue, 29 Aug 2017 07:05:10 +0000. Up 15.64 seconds.
[[0;32m  OK  [0m] Started Initial cloud-init job (pre-networking).
[[0;32m  OK  [0m] Reached target Network (Pre).
         Starting Raise network interfaces...
[[0;32m  OK  [0m] Started Raise network interfaces.
[[0;32m  OK  [0m] Reached target Network.
         Starting Initial cloud-init job (metadata service crawler)...
[   17.797141] cloud-init[938]: Cloud-init v. 0.7.9 running 'init' at Tue, 29 Aug 2017 07:05:11 +0000. Up 16.67 seconds.
[   17.850939] [cloud-init[0;32m  OK  [0m[938]: ] ci-info: ++++++++++++++++++++++++++++++++++++++Net device info++++++++++++++++++++++++++++++++++++++Started Initial cloud-init job (metadata service crawler).

[   17.852104] [[0;32m  OK  [0m] Reached target Cloud-config availability.
[[0;32m  OK  [0m] Reached target System Initialization.
[[0;32m  OK  [0m] Listening on D-Bus System Message Bus Socket.
cloud-init[938]: ci-info: +--------+-------+----------------------------+---------------+-------+-------------------+
         Starting LXD - unix socket.
[   17.947424]          Starting Socket activation for snappy daemon.
cloud-init[938]: ci-info: | Device |   Up  |          Address           |      Mask     | Scope |     Hw-Address    |
[   18.005468] [[0;32m  OK  [0m] Started ACPI Events Check.
[[0;32m  OK  [0m] Reached target Paths.
[[0;32m  OK  [0m] Started Daily Cleanup of Temporary Directories.
cloud-init[938]: ci-info: +--------+-------+----------------------------+---------------+-------+-------------------+
[[0;32m  OK  [0m] Started Timer to automatically refresh installed snaps.
[[0;32m  OK  [0m] Listening on ACPID Listen Socket.
[[0;32m  OK  [0m] Listening on UUID daemon activation socket.
[[0;32m  OK  [0m] Reached target Network is Online.
[   18.140576] cloud-init[938]: ci-info: | enp0s8 | False |             .              |       .       |   .   | 08:00:27:f9:59:67 |
[   18.264465]          cloud-initStarting iSCSI initiator daemon (iscsid)...[938]: 
ci-info: | enp0s3 |  True |         10.0.2.15          | 255.255.255.0 |   .   | 02:21:85:d0:49:10 |
[   18.328568] [[0;32m  OK  [0m] Started Daily apt download activities.
[[0;32m  OK  [0m] Started Daily apt upgrade and clean activities.
[[0;32m  OK  [0m] Reached target Timers.
[[0;32m  OK  [0m] Listening on LXD - unix socket.
[[0;32m  OK  [0mcloud-init] [938]: Listening on Socket activation for snappy daemon.ci-info: | enp0s3 |  True | fe80::21:85ff:fed0:4910/64 |       .       |  link | 02:21:85:d0:49:10 |

[   18.449644] [[0;32m  OK  [0m] Reached target Sockets.
[[0;32m  OK  [0m] Reached target Basic System.
cloud-init[938]: ci-info: |   lo   |  True |         127.0.0.1          |   255.0.0.0   |   .   |         .         |
[   18.540806]          Starting LSB: MD monitoring daemon...
cloud-init[938]: ci-info: |   lo   |  True |          ::1/128           |       .       |  host |         .         |
         Starting Accounts Service...
[   18.571590] [[0;32m  OK  [0m] Started D-Bus System Message Bus.
cloud-init[938]: ci-info: +--------+-------+----------------------------+---------------+-------+-------------------+
[   18.606290] cloud-init[938]: ci-info: +++++++++++++++++++++++++++Route IPv4 info++++++++++++++++++++++++++++
[   18.611161] cloud-init[938]: ci-info: +-------+-------------+----------+---------------+-----------+-------+
[   18.615782] cloud-init[938]: ci-info: | Route | Destination | Gateway  |    Genmask    | Interface | Flags |
[   18.635414] cloud-init[938]: ci-info: +-------+-------------+----------+---------------+-----------+-------+
[   18.648017] cloud-init[938]: ci-info: |   0   |   0.0.0.0   | 10.0.2.2 |    0.0.0.0    |   enp0s3  |   UG  |
[   18.652631] cloud-init[938]: ci-info: |   1   |   10.0.2.0  | 0.0.0.0  | 255.255.255.0 |   enp0s3  |   U   |
[   18.657143] cloud-init[938]: ci-info: +-------+-------------+----------+---------------+-----------+-------+
[   18.666022] cloud-init[938]: Generating public/private rsa key pair.
[   18.673557] cloud-init[938]: Your identification has been saved in /etc/ssh/ssh_host_rsa_key.
[   18.684663] cloud-init[938]: Your public key has been saved in /etc/ssh/ssh_host_rsa_key.pub.
[   18.696327] cloud-init[938]: The key fingerprint is:
[   18.702099] cloud-init[938]: SHA256:YoHr7hAXfU9exBBCZyPMNppHNXJdt233x0hsxCjTzPg root@ubuntu-xenial
[   18.731661] cloud-init[938]: The key's randomart image is:
[   18.735122] cloud-init[938]: +---[RSA 2048]----+
[   18.738418] cloud-init[938]: |       +=.XX.+o .|
[   18.768439] cloud-init[938]: |     o  *B++Bo..o|
[   18.771651] cloud-init[938]: |    o o=...+. +.+|
[   18.774912] cloud-init[938]: |     ooo.+ .Eo +o|
[   18.778387] cloud-init[938]: |  . o o.S o   . +|
[   18.785392] cloud-init[938]: |   + . .        .|
[   18.788575] cloud-init[938]: |  . .            |
[   18.791793] cloud-init[938]: |   o             |
[   18.814349] cloud-init[938]: |   .o            |
[   18.832622] cloud-init[938]: +----[SHA256]-----+
[   18.835858] cloud-init[938]: Generating public/private dsa key pair.
[   18.856991] cloud-init[938]: Your identification has been saved in /etc/ssh/ssh_host_dsa_key.
[   18.884443] cloud-init[938]: Your public key has been saved in /etc/ssh/ssh_host_dsa_key.pub.
[   18.912489] cloud-init[938]: The key fingerprint is:
[   18.936829] cloud-init[938]: SHA256:P0UjV53+rZh78S1bIHm8OeC07fLFvGd2sRWAoQS0wAM root@ubuntu-xenial
[   18.941373] cloud-init[938]: The key's randomart image is:
[   18.945106] cloud-init[938]: +---[DSA 1024]----+
[   18.956442] cloud-init[938]: |   Eo..o.. .o ...|
[   18.968201] cloud-init[938]: |     o. o .. o ..|
[   18.978941] cloud-init[938]: |      .. .. + o  |
[   19.007661] cloud-init[938]: |           + + o |
[   19.011022] cloud-init[938]: |        S   * + +|
[   19.020377] cloud-init[938]: |         . + *.B+|
[   19.023671] cloud-init[938]: |          o oo=+X|
[   19.027748] cloud-init[938]: |           .+.+=O|
[   19.060555] [cloud-init[0;32m  OK  [0m[938]: ] |            .=+*o|Started Unattended Upgrades Shutdown.

[   19.061630] cloud-init[938]: +----[SHA256]-----+
[   19.101267] cloud-init[938]: Generating public/private ecdsa key pair.
[   19.116461] [cloud-init[0;32m  OK  [0m[938]: ] Your identification has been saved in /etc/ssh/ssh_host_ecdsa_key.Started Deferred execution scheduler.

[   19.117905] cloud-init[938]: Your public key has been saved in /etc/ssh/ssh_host_ecdsa_key.pub.
[   19.161181] cloud-init[938]: The key fingerprint is:
         Starting /etc/rc.local Compatibility...
         Starting Login Service...
[[0;32m  OK  [0m] Started FUSE filesystem for LXC.
[   19.164704] cloud-init[938]: SHA256:21ul0XkM/aURaEiCgW6hKROeKopbXJM21CChRqsoBvM root@ubuntu-xenial
[   19.211209]          Starting Pollinate to seed the pseudo random number generator...
cloud-init[938]: The key's randomart image is:
[   19.219539] cloud-init[938]: +---[ECDSA 256]---+
[   19.268437]          Starting LSB: Record successful boot for GRUB...
cloud-init[938]: | .o....o.... ..  |
[   19.311910] cloud-init[938]: |o...oo.  .. o  o |
[   19.315172] cloud-init[938]: |=+.+...    .  o o|
[   19.328475] cloud-init[938]: |B=o.o.       . *o|
[   19.362163] cloud-init[938]: |=+E.*   S   . = +|
[   19.364390] cloud-init[938]: |=. o o   o   + . |
[   19.366572] cloud-init[938]: |+ o     . . o    |
[[0;32m  OK  [0m] Started Snappy daemon.
         Starting Auto import assertions from block devices...
         Starting Apply the settings specified in cloud-config...
[   19.396381] cloud-init[938]: |o.         o     |
[   19.488468] cloud-init[938]: |..        .      |
[   19.529276]          Starting System Logging Service...
cloud-init[938]: +----[SHA256]-----+
[[0;32m  OK  [0m] Started Regular background program processing daemon.
[   19.586976] cloud-init[938]: Generating public/private ed25519 key pair.
[   19.619294] cloud-init[938]: Your identification has been saved in /etc/ssh/ssh_host_ed25519_key.
[   19.623773] cloud-init[938]: Your public key has been saved in /etc/ssh/ssh_host_ed25519_key.pub.
[[0;32m  OK  [0m] Started ACPI event daemon.
[   19.629649] cloud-init[938]: The key fingerprint is:
[   19.634333] cloud-init[938]: SHA256:TwKcHDTRQLrCuz4Onq5ESoK+9U7ElvRFZTfiWjgnRT0 root@ubuntu-xenial
[   19.640402] cloud-init[938]: The key's randomart image is:
         Starting LXD - container startup/shutdown...
[   19.646676] cloud-init[938]: +--[ED25519 256]--+
[   19.650487] cloud-init[938]: |     oB+ .o*.o   |
[[0;32m  OK  [0m] Started iSCSI initiator daemon (iscsid).
[   19.654826] cloud-init[938]: |     + +o = oE.  |
[[0;32m  OK  [0m] Started /etc/rc.local Compatibility.
[   19.659862] [[0;32m  OK  [0m] Started Auto import assertions from block devices.
cloud-init[938]: |    ..=  = +  .  |
[   19.665719] cloud-init[938]: |..  o.o.. *      |
[   19.669282] cloud-init[938]: |ooo .= .S..      |
[   19.673695] cloud-init[938]: |*  oo    +       |
[   19.677823] cloud-init[938]: |oo.. .    .      |
[   19.682408] cloud-init[938]: |o.=.o            |
[   19.686406] cloud-init[938]: |+B+..o           |
[   19.689697] cloud-init[938]: +----[SHA256]-----+
[[0;32m  OK  [0m] Started LSB: Record successful boot for GRUB.
[[0;32m  OK  [0m] Started Login Service.
         Starting Authenticate and Authorize Users to Run Privileged Tasks...
         Starting Login to default iSCSI targets...
[[0;32m  OK  [0m] Started LSB: MD monitoring daemon.
[[0;32m  OK  [0m] Started System Logging Service.
[[0;32m  OK  [0m] Started Login to default iSCSI targets.
[[0;32m  OK  [0m] Reached target Remote File Systems (Pre).
[[0;32m  OK  [0m] Reached target Remote File Systems.
         Starting Permit User Sessions...
         Starting LSB: Set the CPU Frequency Scaling governor to "ondemand"...
         Starting LSB: VirtualBox Linux Additions...
         Starting LSB: automatic crash report generation...
         Starting LSB: daemon to balance interrupts for SMP systems...
[[0;32m  OK  [0m] Started Permit User Sessions.
[[0;32m  OK  [0m] Started LSB: Set the CPU Frequency Scaling governor to "ondemand".
         Starting Hold until boot process finishes up...
         Starting Terminate Plymouth Boot Screen...
[[0;32m  OK  [0m] Started Hold until boot process finishes up.
[[0;32m  OK  [0m] Started Terminate Plymouth Boot Screen.
[[0;32m  OK  [0m] Started Serial Getty on ttyS0.
[[0;32m  OK  [0m] Started Getty on tty1.
[[0;32m  OK  [0m] Reached target Login Prompts.
         Starting Set console scheme...
[   20.923053] cloud-init[1080]: Generating locales (this might take a while)...
[[0;32m  OK  [0m] Started LSB: daemon to balance interrupts for SMP systems.
[[0;32m  OK  [0m] Started Set console scheme.
[[0;32m  OK  [0m] Started LSB: automatic crash report generation.
[[0;32m  OK  [0m] Started Authenticate and Authorize Users to Run Privileged Tasks.
[[0;32m  OK  [0m] Started Accounts Service.
[[0;32m  OK  [0m] Started LSB: VirtualBox Linux Additions.
[[0;32m  OK  [0m] Started Pollinate to seed the pseudo random number generator.
         Starting OpenBSD Secure Shell server...
[[0;32m  OK  [0m] Started OpenBSD Secure Shell server.
[   22.618622] cloud-init[1080]:   en_US.UTF-8... done
[   22.632648] cloud-init[1080]: Generation complete.
[[0;32m  OK  [0m] Started LXD - container startup/shutdown.
[[0;32m  OK  [0m] Reached target Multi-User System.
[[0;32m  OK  [0m] Reached target Graphical Interface.
         Starting Update UTMP about System Runlevel Changes...
[[0;32m  OK  [0m] Started Update UTMP about System Runlevel Changes.
         Stopping OpenBSD Secure Shell server...
[[0;32m  OK  [0m] Stopped OpenBSD Secure Shell server.
         Starting OpenBSD Secure Shell server...
[[0;32m  OK  [0m] Started OpenBSD Secure Shell server.
[   23.902256] cloud-init[1080]: Cloud-init v. 0.7.9 running 'modules:config' at Tue, 29 Aug 2017 07:05:14 +0000. Up 19.73 seconds.
[[0;32m  OK  [0m] Started Apply the settings specified in cloud-config.
         Starting Execute cloud user/final scripts...
ci-info: no authorized ssh keys fingerprints found for user ubuntu.
<14>Aug 29 07:05:18 ec2: 
<14>Aug 29 07:05:18 ec2: #############################################################
<14>Aug 29 07:05:18 ec2: -----BEGIN SSH HOST KEY FINGERPRINTS-----
<14>Aug 29 07:05:18 ec2: 1024 SHA256:P0UjV53+rZh78S1bIHm8OeC07fLFvGd2sRWAoQS0wAM root@ubuntu-xenial (DSA)
<14>Aug 29 07:05:18 ec2: 256 SHA256:21ul0XkM/aURaEiCgW6hKROeKopbXJM21CChRqsoBvM root@ubuntu-xenial (ECDSA)
<14>Aug 29 07:05:18 ec2: 256 SHA256:TwKcHDTRQLrCuz4Onq5ESoK+9U7ElvRFZTfiWjgnRT0 root@ubuntu-xenial (ED25519)
<14>Aug 29 07:05:18 ec2: 2048 SHA256:YoHr7hAXfU9exBBCZyPMNppHNXJdt233x0hsxCjTzPg root@ubuntu-xenial (RSA)
<14>Aug 29 07:05:18 ec2: -----END SSH HOST KEY FINGERPRINTS-----
<14>Aug 29 07:05:18 ec2: #############################################################
-----BEGIN SSH HOST KEY KEYS-----
ecdsa-sha2-nistp256 AAAAE2VjZHNhLXNoYTItbmlzdHAyNTYAAAAIbmlzdHAyNTYAAABBBMcawE8vj4FJnhCMs3N4C1Ya4c0C/9hVa+UOWHA+2obnGJHAq1h5pThfG/tOrKk9ZkumDoWYd6Bw9Kr5ShRg+pc= root@ubuntu-xenial
ssh-ed25519 AAAAC3NzaC1lZDI1NTE5AAAAIL9/eWS0eX4LHOB8D0HflP1742BWB4CfSoPcOqneTzp7 root@ubuntu-xenial
ssh-rsa AAAAB3NzaC1yc2EAAAADAQABAAABAQDK//7+D2WKuFwVaM4wwBLoPz+7Tw/Sgjji5AnfvVVDcM0idQ1EGxvHvGRVyGWmX1puwE24K0ccAbeRng9h2mt+YQAKgLPoEorvxdkrdY56V6DsV0+73DPZya7MtbF+XcDET8fjQTFqoe2TgVnYyZTjZjQGuWADGIY10OLUs0fqyCr23enUFhLE7a1aA/EnbmJj47ChXBvy+rVaubfqYBrP2Zed73zIyvM5BRmFEXZWxetabYYFeeuoxFfZcZoE0Myx9R8rKXnenP+Bpspk+tlLxkaxB2d+9j53N1Ed/KHWg70EDVvdphXbAHvYu7rwoNVd8pAuxJerWc9WIXFLh9rl root@ubuntu-xenial
-----END SSH HOST KEY KEYS-----
[   24.658907] cloud-init[1302]: Cloud-init v. 0.7.9 running 'modules:final' at Tue, 29 Aug 2017 07:05:18 +0000. Up 24.15 seconds.
[   24.700318] cloud-init[1302]: ci-info: no authorized ssh keys fingerprints found for user ubuntu.
[   24.700903] cloud-init[1302]: Cloud-init v. 0.7.9 finished at Tue, 29 Aug 2017 07:05:19 +0000. Datasource DataSourceNoCloud [seed=/dev/sdb][dsmode=net].  Up 24.65 seconds
[[0;32m  OK  [0m] Started Execute cloud user/final scripts.
[[0;32m  OK  [0m] Reached target Cloud-init target.

Ubuntu 16.04.3 LTS ubuntu-xenial ttyS0

ubuntu-xenial login: 